2026-05-03 02:09:36 [INFO] Logging to /data1/yhj/train/output/runs/a2__grouped__mtcn__a-base-none__a-ssl-none__v-base-none__v-ssl-none__mask-or__argmaxdecode_thrcalib__seed42__20260503_020936/logs/train_grouped_a2_20260503_020936.log
2026-05-03 02:09:36 [INFO] Device: cuda
2026-05-03 02:09:36 [INFO] Task: a2
2026-05-03 02:09:36 [INFO] Run name: a2__grouped__mtcn__a-base-none__a-ssl-none__v-base-none__v-ssl-none__mask-or__argmaxdecode_thrcalib__seed42__20260503_020936
2026-05-03 02:09:36 [INFO] Config: {'task': 'a2'}
2026-05-03 02:09:36 [INFO] Mask policy: and_core
2026-05-03 02:09:37 [INFO] Train: 4200 participants, Val: 600 participants
2026-05-03 02:09:37 [INFO] Preloading data into RAM ...
2026-05-03 02:09:37 [INFO] 未找到缓存，开始首次数据组装（将耗时较长），结果将自动保存至: /data1/yhj/AdoDAS2026/data_cache/grouped_a2_train_cache.pt
2026-05-03 02:30:46 [INFO] Preloaded 4200/4200 participants (8.7 GB in RAM)
2026-05-03 02:30:46 [INFO] 正在将内存数据序列化至硬盘，请勿中断程序...
2026-05-03 02:30:57 [INFO] 缓存保存成功！下次运行将直接秒进！
2026-05-03 02:30:57 [INFO] 未找到缓存，开始首次数据组装（将耗时较长），结果将自动保存至: /data1/yhj/AdoDAS2026/data_cache/grouped_a2_val_cache.pt
2026-05-03 02:31:29 [INFO] Preloaded 600/600 participants (1.2 GB in RAM)
2026-05-03 02:31:30 [INFO] 正在将内存数据序列化至硬盘，请勿中断程序...
2026-05-03 02:31:31 [INFO] 缓存保存成功！下次运行将直接秒进！
2026-05-03 02:31:31 [INFO] Preload done: 8.7G + 1.2G = 10.0G, took 21m 54s
2026-05-03 02:31:32 [INFO] batch_size=32, num_workers=0
2026-05-03 02:31:32 [INFO] Model params: 5,538,583
2026-05-03 02:31:32 [INFO] AMP enabled (BF16)
2026-05-03 02:31:33 [INFO] A2 pos_weight shape: torch.Size([1, 21, 3])
2026-05-03 02:31:33 [INFO] Scheduler: warmup=3 -> cosine, total=20
2026-05-03 02:31:33 [INFO] Grad clip: 1.0
2026-05-03 02:31:34 [INFO] Session loss weight: 0.5
2026-05-03 02:31:34 [INFO] Session type loss weight: 0.15
2026-05-03 02:31:34 [INFO] EarlyStopping: patience=8, metric=val_loss, mode=min
2026-05-03 02:31:34 [INFO] Label smoothing: 0.05
2026-05-03 02:31:35 [INFO] Feature noise std: 0.01
2026-05-03 02:31:35 [INFO] Session drop prob: 0.1
2026-05-03 02:31:35 [INFO] ==========================================================================================
2026-05-03 02:31:35 [INFO]   Epoch  |    LR     | Train Loss | Val Loss | mean QWK | mean MAE | Time
2026-05-03 02:31:35 [INFO] ==========================================================================================
2026-05-03 02:42:49 [INFO]     pred dist: 0=0.0% 1=100.0% 2=0.0% 3=0.0%
2026-05-03 02:42:49 [INFO]     GT   dist: 0=69.4% 1=23.4% 2=4.7% 3=2.5%
2026-05-03 02:42:49 [INFO]     top3: d01=0.000 d02=0.000 d03=0.000  |  bot3: d19=0.000 d20=0.000 d21=0.000
2026-05-03 02:42:49 [INFO]     1/ 20 | 3.40e-04 |   1.3936   |  0.6950  |  0.0000  |  0.7909  | 11m 13s ETA 3h 33m 27s VRAM 2.7G *
2026-05-03 02:42:49 [INFO]   >>> New best QWK=0.0000 saved at epoch 1.
2026-05-03 02:54:01 [INFO]     pred dist: 0=3.0% 1=97.0% 2=0.0% 3=0.0%
2026-05-03 02:54:01 [INFO]     GT   dist: 0=69.4% 1=23.4% 2=4.7% 3=2.5%
2026-05-03 02:54:01 [INFO]     top3: d08=0.051 d12=0.048 d06=0.048  |  bot3: d09=0.000 d14=0.000 d18=0.000
2026-05-03 02:54:01 [INFO]     2/ 20 | 6.70e-04 |   1.2513   |  0.6194  |  0.0182  |  0.7663  | 11m 11s ETA 3h 21m 54s VRAM 2.7G *
2026-05-03 02:54:01 [INFO]   >>> New best QWK=0.0182 saved at epoch 2.
2026-05-03 03:05:13 [INFO]     pred dist: 0=0.0% 1=73.7% 2=26.3% 3=0.0%
2026-05-03 03:05:13 [INFO]     GT   dist: 0=69.4% 1=23.4% 2=4.7% 3=2.5%
2026-05-03 03:05:13 [INFO]     top3: d01=0.116 d08=0.109 d18=0.102  |  bot3: d20=0.000 d21=0.000 d17=-0.003
2026-05-03 03:05:13 [INFO]     3/ 20 | 1.00e-03 |   1.2084   |  0.6838  |  0.0558  |  0.9890  | 11m 12s ETA 3h 10m 38s VRAM 2.7G *
2026-05-03 03:05:14 [INFO]   >>> New best QWK=0.0558 saved at epoch 3.
2026-05-03 03:16:27 [INFO]     pred dist: 0=0.5% 1=99.5% 2=0.0% 3=0.0%
2026-05-03 03:16:27 [INFO]     GT   dist: 0=69.4% 1=23.4% 2=4.7% 3=2.5%
2026-05-03 03:16:27 [INFO]     top3: d04=0.039 d01=0.000 d02=0.000  |  bot3: d19=0.000 d20=0.000 d21=0.000
2026-05-03 03:16:27 [INFO]     4/ 20 | 9.91e-04 |   1.1413   |  0.6197  |  0.0019  |  0.7865  | 11m 12s ETA 2h 59m 27s VRAM 2.7G
2026-05-03 03:27:44 [INFO]     pred dist: 0=0.0% 1=100.0% 2=0.0% 3=0.0%
2026-05-03 03:27:44 [INFO]     GT   dist: 0=69.4% 1=23.4% 2=4.7% 3=2.5%
2026-05-03 03:27:44 [INFO]     top3: d01=0.000 d02=0.000 d03=0.000  |  bot3: d19=0.000 d20=0.000 d21=0.000
2026-05-03 03:27:44 [INFO]     5/ 20 | 9.66e-04 |   1.0967   |  0.6125  |  0.0000  |  0.7909  | 11m 17s ETA 2h 48m 27s VRAM 2.7G
2026-05-03 03:38:58 [INFO]     pred dist: 0=52.5% 1=47.5% 2=0.0% 3=0.0%
2026-05-03 03:38:58 [INFO]     GT   dist: 0=69.4% 1=23.4% 2=4.7% 3=2.5%
2026-05-03 03:38:58 [INFO]     top3: d16=0.253 d02=0.245 d01=0.241  |  bot3: d04=0.124 d21=0.107 d14=0.090
2026-05-03 03:38:58 [INFO]     6/ 20 | 9.25e-04 |   1.0876   |  0.6260  |  0.1791  |  0.4817  | 11m 14s ETA 2h 37m 14s VRAM 2.7G *
2026-05-03 03:38:59 [INFO]   >>> New best QWK=0.1791 saved at epoch 6.
2026-05-03 03:50:11 [INFO]     pred dist: 0=4.6% 1=95.3% 2=0.0% 3=0.0%
2026-05-03 03:50:11 [INFO]     GT   dist: 0=69.4% 1=23.4% 2=4.7% 3=2.5%
2026-05-03 03:50:11 [INFO]     top3: d01=0.076 d15=0.075 d17=0.067  |  bot3: d08=0.000 d14=0.000 d09=-0.002
2026-05-03 03:50:11 [INFO]     7/ 20 | 8.70e-04 |   1.0861   |  0.6103  |  0.0309  |  0.7498  | 11m 12s ETA 2h 25m 58s VRAM 2.7G
2026-05-03 04:01:24 [INFO]     pred dist: 0=0.0% 1=100.0% 2=0.0% 3=0.0%
2026-05-03 04:01:24 [INFO]     GT   dist: 0=69.4% 1=23.4% 2=4.7% 3=2.5%
2026-05-03 04:01:24 [INFO]     top3: d01=0.000 d02=0.000 d03=0.000  |  bot3: d11=-0.002 d05=-0.002 d08=-0.002
2026-05-03 04:01:24 [INFO]     8/ 20 | 8.02e-04 |   1.0796   |  0.6164  |  -0.0005  |  0.7913  | 11m 12s ETA 2h 14m 43s VRAM 2.7G
2026-05-03 04:12:36 [INFO]     pred dist: 0=2.2% 1=97.8% 2=0.0% 3=0.0%
2026-05-03 04:12:36 [INFO]     GT   dist: 0=69.4% 1=23.4% 2=4.7% 3=2.5%
2026-05-03 04:12:36 [INFO]     top3: d05=0.050 d12=0.048 d11=0.045  |  bot3: d13=0.000 d14=0.000 d16=0.000
2026-05-03 04:12:36 [INFO]     9/ 20 | 7.23e-04 |   1.0763   |  0.6291  |  0.0185  |  0.7702  | 11m 11s ETA 2h 03m 27s VRAM 2.7G
2026-05-03 04:23:48 [INFO]     pred dist: 0=0.4% 1=99.6% 2=0.0% 3=0.0%
2026-05-03 04:23:48 [INFO]     GT   dist: 0=69.4% 1=23.4% 2=4.7% 3=2.5%
2026-05-03 04:23:48 [INFO]     top3: d04=0.037 d15=0.009 d08=0.001  |  bot3: d19=0.000 d20=0.000 d21=0.000
2026-05-03 04:23:48 [INFO]    10/ 20 | 6.37e-04 |   1.0726   |  0.6119  |  0.0022  |  0.7872  | 11m 11s ETA 1h 52m 12s VRAM 2.7G
2026-05-03 04:35:00 [INFO]     pred dist: 0=0.0% 1=100.0% 2=0.0% 3=0.0%
2026-05-03 04:35:00 [INFO]     GT   dist: 0=69.4% 1=23.4% 2=4.7% 3=2.5%
2026-05-03 04:35:00 [INFO]     top3: d01=0.000 d02=0.000 d03=0.000  |  bot3: d19=0.000 d20=0.000 d21=0.000
2026-05-03 04:35:00 [INFO]    11/ 20 | 5.47e-04 |   1.0669   |  0.6280  |  0.0000  |  0.7909  | 11m 11s ETA 1h 40m 58s VRAM 2.7G
2026-05-03 04:46:13 [INFO]     pred dist: 0=18.1% 1=70.7% 2=11.2% 3=0.0%
2026-05-03 04:46:13 [INFO]     GT   dist: 0=69.4% 1=23.4% 2=4.7% 3=2.5%
2026-05-03 04:46:13 [INFO]     top3: d08=0.233 d02=0.194 d01=0.187  |  bot3: d21=0.088 d03=0.040 d14=0.000
2026-05-03 04:46:13 [INFO]    12/ 20 | 4.54e-04 |   1.0605   |  0.6136  |  0.1347  |  0.7246  | 11m 13s ETA 1h 29m 45s VRAM 2.7G
2026-05-03 04:57:34 [INFO]     pred dist: 0=19.2% 1=70.3% 2=10.5% 3=0.0%
2026-05-03 04:57:34 [INFO]     GT   dist: 0=69.4% 1=23.4% 2=4.7% 3=2.5%
2026-05-03 04:57:34 [INFO]     top3: d08=0.224 d01=0.199 d13=0.189  |  bot3: d21=0.077 d20=0.062 d14=-0.002
2026-05-03 04:57:34 [INFO]    13/ 20 | 3.64e-04 |   1.0500   |  0.6176  |  0.1318  |  0.7202  | 11m 20s ETA 1h 18m 36s VRAM 2.7G
2026-05-03 05:08:48 [INFO]     pred dist: 0=21.5% 1=78.2% 2=0.3% 3=0.0%
2026-05-03 05:08:48 [INFO]     GT   dist: 0=69.4% 1=23.4% 2=4.7% 3=2.5%
2026-05-03 05:08:48 [INFO]     top3: d01=0.157 d11=0.141 d13=0.139  |  bot3: d20=0.090 d09=0.079 d14=0.000
2026-05-03 05:08:48 [INFO]    14/ 20 | 2.78e-04 |   1.0437   |  0.5987  |  0.1087  |  0.6294  | 11m 13s ETA 1h 07m 22s VRAM 2.7G
2026-05-03 05:20:02 [INFO]     pred dist: 0=19.6% 1=76.2% 2=4.2% 3=0.0%
2026-05-03 05:20:02 [INFO]     GT   dist: 0=69.4% 1=23.4% 2=4.7% 3=2.5%
2026-05-03 05:20:02 [INFO]     top3: d08=0.215 d11=0.191 d05=0.172  |  bot3: d21=0.091 d03=0.062 d14=0.024
2026-05-03 05:20:02 [INFO]    15/ 20 | 1.99e-04 |   1.0374   |  0.6017  |  0.1356  |  0.6629  | 11m 14s ETA 56m 09s VRAM 2.7G
2026-05-03 05:31:15 [INFO]     pred dist: 0=31.6% 1=59.1% 2=9.3% 3=0.0%
2026-05-03 05:31:15 [INFO]     GT   dist: 0=69.4% 1=23.4% 2=4.7% 3=2.5%
2026-05-03 05:31:15 [INFO]     top3: d08=0.238 d01=0.234 d02=0.216  |  bot3: d21=0.116 d04=0.080 d14=0.039
2026-05-03 05:31:15 [INFO]    16/ 20 | 1.31e-04 |   1.0228   |  0.6152  |  0.1594  |  0.6417  | 11m 13s ETA 44m 55s VRAM 2.7G
2026-05-03 05:42:27 [INFO]     pred dist: 0=29.1% 1=62.4% 2=8.4% 3=0.0%
2026-05-03 05:42:27 [INFO]     GT   dist: 0=69.4% 1=23.4% 2=4.7% 3=2.5%
2026-05-03 05:42:27 [INFO]     top3: d01=0.237 d08=0.224 d02=0.202  |  bot3: d20=0.109 d04=0.072 d14=0.024
2026-05-03 05:42:27 [INFO]    17/ 20 | 7.58e-05 |   1.0129   |  0.6133  |  0.1506  |  0.6469  | 11m 12s ETA 33m 41s VRAM 2.7G
2026-05-03 05:53:40 [INFO]     pred dist: 0=30.3% 1=63.0% 2=6.6% 3=0.1%
2026-05-03 05:53:40 [INFO]     GT   dist: 0=69.4% 1=23.4% 2=4.7% 3=2.5%
2026-05-03 05:53:40 [INFO]     top3: d08=0.230 d01=0.225 d05=0.213  |  bot3: d20=0.083 d04=0.071 d14=-0.001
2026-05-03 05:53:40 [INFO]    18/ 20 | 3.47e-05 |   0.9994   |  0.6137  |  0.1372  |  0.6360  | 11m 12s ETA 22m 27s VRAM 2.7G
2026-05-03 06:04:53 [INFO]     pred dist: 0=35.3% 1=57.7% 2=6.8% 3=0.3%
2026-05-03 06:04:53 [INFO]     GT   dist: 0=69.4% 1=23.4% 2=4.7% 3=2.5%
2026-05-03 06:04:53 [INFO]     top3: d02=0.252 d08=0.219 d01=0.217  |  bot3: d07=0.101 d04=0.085 d14=0.007
2026-05-03 06:04:53 [INFO]    19/ 20 | 9.50e-06 |   0.9919   |  0.6208  |  0.1494  |  0.6120  | 11m 12s ETA 11m 13s VRAM 2.7G
2026-05-03 06:16:06 [INFO]     pred dist: 0=31.1% 1=60.4% 2=8.2% 3=0.4%
2026-05-03 06:16:06 [INFO]     GT   dist: 0=69.4% 1=23.4% 2=4.7% 3=2.5%
2026-05-03 06:16:06 [INFO]     top3: d01=0.237 d08=0.216 d02=0.205  |  bot3: d17=0.101 d04=0.090 d14=0.013
2026-05-03 06:16:06 [INFO]    20/ 20 | 1.00e-06 |   0.9862   |  0.6230  |  0.1439  |  0.6473  | 11m 13s ETA 0m 00s VRAM 2.7G
2026-05-03 06:16:06 [INFO] ==========================================================================================
2026-05-03 06:16:06 [INFO] Training complete. Best QWK=0.1791, time=3h 44m 31s
2026-05-03 06:16:06 [INFO] Loading best checkpoint for submission generation ...
2026-05-03 06:16:06 [INFO] Submission level: participant
2026-05-03 06:16:06 [INFO] Decode method: expectation
2026-05-03 06:16:06 [INFO] Calibrating and selecting A2 decode strategy on val ...
2026-05-03 06:17:30 [INFO]   A2 decode comparison on val:
2026-05-03 06:17:30 [INFO]     argmax                 QWK=0.0216 MAE=0.3963 | 0=97.0% 1=3.0% 2=0.0% 3=0.0%
2026-05-03 06:17:30 [INFO]     monotonic              QWK=0.0000 MAE=0.4033 | 0=100.0% 1=0.0% 2=0.0% 3=0.0%
2026-05-03 06:17:30 [INFO]     expectation            QWK=0.1791 MAE=0.4817 | 0=52.5% 1=47.5% 2=0.0% 3=0.0%
2026-05-03 06:17:30 [INFO]     calibrated_argmax      QWK=0.1965 MAE=0.5418 | 0=69.5% 1=19.2% 2=6.0% 3=5.3%
2026-05-03 06:17:30 [INFO]     calibrated_monotonic   QWK=0.1637 MAE=0.7229 | 0=80.2% 1=0.0% 2=0.0% 3=19.8%
2026-05-03 06:17:30 [INFO]     calibrated_expectation QWK=0.2076 MAE=0.4680 | 0=53.7% 1=44.7% 2=1.6% 3=0.0%
2026-05-03 06:17:30 [INFO]   Selected A2 strategy: calibrated_expectation (decode=expectation, QWK=0.2076, MAE=0.4680)
2026-05-03 06:17:30 [INFO] Skipping submission generation after training; use infer.py for release inference.
2026-05-03 06:17:30 [INFO] Run complete: a2__grouped__mtcn__a-base-none__a-ssl-none__v-base-none__v-ssl-none__mask-or__argmaxdecode_thrcalib__seed42__20260503_020936
2026-05-03 06:17:30 [INFO] Output dir: /data1/yhj/train/output/runs/a2__grouped__mtcn__a-base-none__a-ssl-none__v-base-none__v-ssl-none__mask-or__argmaxdecode_thrcalib__seed42__20260503_020936
